ERROR - 2023-05-01 23:46:42 --> Error connecting to the database: No connection could be made because the target machine actively refused it.

CRITICAL - 2023-05-01 23:46:42 --> Unable to connect to the database.
Main connection [MySQLi]: No connection could be made because the target machine actively refused it.

#0 C:\xampp1\htdocs\ecommerce\system\Database\BaseConnection.php(577): CodeIgniter\Database\BaseConnection->initialize()
#1 C:\xampp1\htdocs\ecommerce\system\Database\BaseBuilder.php(1455): CodeIgniter\Database\BaseConnection->query('SELECT *\nFROM `...', Array, false)
#2 C:\xampp1\htdocs\ecommerce\system\Model.php(183): CodeIgniter\Database\BaseBuilder->get()
#3 C:\xampp1\htdocs\ecommerce\system\BaseModel.php(584): CodeIgniter\Model->doFindAll(0, 0)
#4 C:\xampp1\htdocs\ecommerce\app\Models\Pelanggan_model.php(8): CodeIgniter\BaseModel->findAll()
#5 C:\xampp1\htdocs\ecommerce\app\Controllers\Pelanggan.php(9): App\Models\Pelanggan_model->data_pelanggan()
#6 C:\xampp1\htdocs\ecommerce\system\CodeIgniter.php(832): App\Controllers\Pelanggan->index()
#7 C:\xampp1\htdocs\ecommerce\system\CodeIgniter.php(419): CodeIgniter\CodeIgniter->runController(Object(App\Controllers\Pelanggan))
#8 C:\xampp1\htdocs\ecommerce\system\CodeIgniter.php(326): CodeIgniter\CodeIgniter->handleRequest(NULL, Object(Config\Cache), false)
#9 C:\xampp1\htdocs\ecommerce\index.php(37): CodeIgniter\CodeIgniter->run()
#10 {main}
ERROR - 2023-05-01 23:47:12 --> Error connecting to the database: No connection could be made because the target machine actively refused it.

CRITICAL - 2023-05-01 23:47:12 --> Unable to connect to the database.
Main connection [MySQLi]: No connection could be made because the target machine actively refused it.

#0 C:\xampp1\htdocs\ecommerce\system\Database\BaseConnection.php(577): CodeIgniter\Database\BaseConnection->initialize()
#1 C:\xampp1\htdocs\ecommerce\system\Database\BaseBuilder.php(1455): CodeIgniter\Database\BaseConnection->query('SELECT *\nFROM `...', Array, false)
#2 C:\xampp1\htdocs\ecommerce\system\Model.php(183): CodeIgniter\Database\BaseBuilder->get()
#3 C:\xampp1\htdocs\ecommerce\system\BaseModel.php(584): CodeIgniter\Model->doFindAll(0, 0)
#4 C:\xampp1\htdocs\ecommerce\app\Models\Pelanggan_model.php(8): CodeIgniter\BaseModel->findAll()
#5 C:\xampp1\htdocs\ecommerce\app\Controllers\Pelanggan.php(9): App\Models\Pelanggan_model->data_pelanggan()
#6 C:\xampp1\htdocs\ecommerce\system\CodeIgniter.php(832): App\Controllers\Pelanggan->index()
#7 C:\xampp1\htdocs\ecommerce\system\CodeIgniter.php(419): CodeIgniter\CodeIgniter->runController(Object(App\Controllers\Pelanggan))
#8 C:\xampp1\htdocs\ecommerce\system\CodeIgniter.php(326): CodeIgniter\CodeIgniter->handleRequest(NULL, Object(Config\Cache), false)
#9 C:\xampp1\htdocs\ecommerce\index.php(37): CodeIgniter\CodeIgniter->run()
#10 {main}
CRITICAL - 2023-05-01 23:48:04 --> Undefined variable: nama_pelanggan
#0 C:\xampp1\htdocs\ecommerce\app\Views\pelanggan\edit_pelanggan.php(11): CodeIgniter\Debug\Exceptions->errorHandler(8, 'Undefined varia...', 'C:\\xampp1\\htdoc...', 11, Array)
#1 C:\xampp1\htdocs\ecommerce\system\View\View.php(210): include('C:\\xampp1\\htdoc...')
#2 C:\xampp1\htdocs\ecommerce\system\View\View.php(213): CodeIgniter\View\View->CodeIgniter\View\{closure}()
#3 C:\xampp1\htdocs\ecommerce\system\Common.php(1089): CodeIgniter\View\View->render('pelanggan/edit_...', Array, true)
#4 C:\xampp1\htdocs\ecommerce\app\Views\layout\konten.php(3): view('pelanggan/edit_...')
#5 C:\xampp1\htdocs\ecommerce\app\Views\layout\wrapper.php(4): require_once('C:\\xampp1\\htdoc...')
#6 C:\xampp1\htdocs\ecommerce\system\View\View.php(210): include('C:\\xampp1\\htdoc...')
#7 C:\xampp1\htdocs\ecommerce\system\View\View.php(213): CodeIgniter\View\View->CodeIgniter\View\{closure}()
#8 C:\xampp1\htdocs\ecommerce\system\Common.php(1089): CodeIgniter\View\View->render('layout/wrapper', Array, true)
#9 C:\xampp1\htdocs\ecommerce\app\Controllers\Pelanggan.php(48): view('layout/wrapper', Array)
#10 C:\xampp1\htdocs\ecommerce\system\CodeIgniter.php(832): App\Controllers\Pelanggan->edit('LS02')
#11 C:\xampp1\htdocs\ecommerce\system\CodeIgniter.php(419): CodeIgniter\CodeIgniter->runController(Object(App\Controllers\Pelanggan))
#12 C:\xampp1\htdocs\ecommerce\system\CodeIgniter.php(326): CodeIgniter\CodeIgniter->handleRequest(NULL, Object(Config\Cache), false)
#13 C:\xampp1\htdocs\ecommerce\index.php(37): CodeIgniter\CodeIgniter->run()
#14 {main}
CRITICAL - 2023-05-01 23:48:05 --> Undefined variable: nama_pelanggan
#0 C:\xampp1\htdocs\ecommerce\app\Views\pelanggan\edit_pelanggan.php(11): CodeIgniter\Debug\Exceptions->errorHandler(8, 'Undefined varia...', 'C:\\xampp1\\htdoc...', 11, Array)
#1 C:\xampp1\htdocs\ecommerce\system\View\View.php(210): include('C:\\xampp1\\htdoc...')
#2 C:\xampp1\htdocs\ecommerce\system\View\View.php(213): CodeIgniter\View\View->CodeIgniter\View\{closure}()
#3 C:\xampp1\htdocs\ecommerce\system\Common.php(1089): CodeIgniter\View\View->render('pelanggan/edit_...', Array, true)
#4 C:\xampp1\htdocs\ecommerce\app\Views\layout\konten.php(3): view('pelanggan/edit_...')
#5 C:\xampp1\htdocs\ecommerce\app\Views\layout\wrapper.php(4): require_once('C:\\xampp1\\htdoc...')
#6 C:\xampp1\htdocs\ecommerce\system\View\View.php(210): include('C:\\xampp1\\htdoc...')
#7 C:\xampp1\htdocs\ecommerce\system\View\View.php(213): CodeIgniter\View\View->CodeIgniter\View\{closure}()
#8 C:\xampp1\htdocs\ecommerce\system\Common.php(1089): CodeIgniter\View\View->render('layout/wrapper', Array, true)
#9 C:\xampp1\htdocs\ecommerce\app\Controllers\Pelanggan.php(48): view('layout/wrapper', Array)
#10 C:\xampp1\htdocs\ecommerce\system\CodeIgniter.php(832): App\Controllers\Pelanggan->edit('dist', 'img', 'user1-128x128.j...')
#11 C:\xampp1\htdocs\ecommerce\system\CodeIgniter.php(419): CodeIgniter\CodeIgniter->runController(Object(App\Controllers\Pelanggan))
#12 C:\xampp1\htdocs\ecommerce\system\CodeIgniter.php(326): CodeIgniter\CodeIgniter->handleRequest(NULL, Object(Config\Cache), false)
#13 C:\xampp1\htdocs\ecommerce\index.php(37): CodeIgniter\CodeIgniter->run()
#14 {main}
CRITICAL - 2023-05-01 23:48:05 --> Undefined variable: nama_pelanggan
#0 C:\xampp1\htdocs\ecommerce\app\Views\pelanggan\edit_pelanggan.php(11): CodeIgniter\Debug\Exceptions->errorHandler(8, 'Undefined varia...', 'C:\\xampp1\\htdoc...', 11, Array)
#1 C:\xampp1\htdocs\ecommerce\system\View\View.php(210): include('C:\\xampp1\\htdoc...')
#2 C:\xampp1\htdocs\ecommerce\system\View\View.php(213): CodeIgniter\View\View->CodeIgniter\View\{closure}()
#3 C:\xampp1\htdocs\ecommerce\system\Common.php(1089): CodeIgniter\View\View->render('pelanggan/edit_...', Array, true)
#4 C:\xampp1\htdocs\ecommerce\app\Views\layout\konten.php(3): view('pelanggan/edit_...')
#5 C:\xampp1\htdocs\ecommerce\app\Views\layout\wrapper.php(4): require_once('C:\\xampp1\\htdoc...')
#6 C:\xampp1\htdocs\ecommerce\system\View\View.php(210): include('C:\\xampp1\\htdoc...')
#7 C:\xampp1\htdocs\ecommerce\system\View\View.php(213): CodeIgniter\View\View->CodeIgniter\View\{closure}()
#8 C:\xampp1\htdocs\ecommerce\system\Common.php(1089): CodeIgniter\View\View->render('layout/wrapper', Array, true)
#9 C:\xampp1\htdocs\ecommerce\app\Controllers\Pelanggan.php(48): view('layout/wrapper', Array)
#10 C:\xampp1\htdocs\ecommerce\system\CodeIgniter.php(832): App\Controllers\Pelanggan->edit('dist', 'img', 'user8-128x128.j...')
#11 C:\xampp1\htdocs\ecommerce\system\CodeIgniter.php(419): CodeIgniter\CodeIgniter->runController(Object(App\Controllers\Pelanggan))
#12 C:\xampp1\htdocs\ecommerce\system\CodeIgniter.php(326): CodeIgniter\CodeIgniter->handleRequest(NULL, Object(Config\Cache), false)
#13 C:\xampp1\htdocs\ecommerce\index.php(37): CodeIgniter\CodeIgniter->run()
#14 {main}
CRITICAL - 2023-05-01 23:48:05 --> Undefined variable: nama_pelanggan
#0 C:\xampp1\htdocs\ecommerce\app\Views\pelanggan\edit_pelanggan.php(11): CodeIgniter\Debug\Exceptions->errorHandler(8, 'Undefined varia...', 'C:\\xampp1\\htdoc...', 11, Array)
#1 C:\xampp1\htdocs\ecommerce\system\View\View.php(210): include('C:\\xampp1\\htdoc...')
#2 C:\xampp1\htdocs\ecommerce\system\View\View.php(213): CodeIgniter\View\View->CodeIgniter\View\{closure}()
#3 C:\xampp1\htdocs\ecommerce\system\Common.php(1089): CodeIgniter\View\View->render('pelanggan/edit_...', Array, true)
#4 C:\xampp1\htdocs\ecommerce\app\Views\layout\konten.php(3): view('pelanggan/edit_...')
#5 C:\xampp1\htdocs\ecommerce\app\Views\layout\wrapper.php(4): require_once('C:\\xampp1\\htdoc...')
#6 C:\xampp1\htdocs\ecommerce\system\View\View.php(210): include('C:\\xampp1\\htdoc...')
#7 C:\xampp1\htdocs\ecommerce\system\View\View.php(213): CodeIgniter\View\View->CodeIgniter\View\{closure}()
#8 C:\xampp1\htdocs\ecommerce\system\Common.php(1089): CodeIgniter\View\View->render('layout/wrapper', Array, true)
#9 C:\xampp1\htdocs\ecommerce\app\Controllers\Pelanggan.php(48): view('layout/wrapper', Array)
#10 C:\xampp1\htdocs\ecommerce\system\CodeIgniter.php(832): App\Controllers\Pelanggan->edit('dist', 'img', 'user3-128x128.j...')
#11 C:\xampp1\htdocs\ecommerce\system\CodeIgniter.php(419): CodeIgniter\CodeIgniter->runController(Object(App\Controllers\Pelanggan))
#12 C:\xampp1\htdocs\ecommerce\system\CodeIgniter.php(326): CodeIgniter\CodeIgniter->handleRequest(NULL, Object(Config\Cache), false)
#13 C:\xampp1\htdocs\ecommerce\index.php(37): CodeIgniter\CodeIgniter->run()
#14 {main}
CRITICAL - 2023-05-01 23:52:57 --> Trying to get property 'nama_pelanggan' of non-object
#0 C:\xampp1\htdocs\ecommerce\app\Views\pelanggan\edit_pelanggan.php(11): CodeIgniter\Debug\Exceptions->errorHandler(8, 'Trying to get p...', 'C:\\xampp1\\htdoc...', 11, Array)
#1 C:\xampp1\htdocs\ecommerce\system\View\View.php(210): include('C:\\xampp1\\htdoc...')
#2 C:\xampp1\htdocs\ecommerce\system\View\View.php(213): CodeIgniter\View\View->CodeIgniter\View\{closure}()
#3 C:\xampp1\htdocs\ecommerce\system\Common.php(1089): CodeIgniter\View\View->render('pelanggan/edit_...', Array, true)
#4 C:\xampp1\htdocs\ecommerce\app\Views\layout\konten.php(3): view('pelanggan/edit_...')
#5 C:\xampp1\htdocs\ecommerce\app\Views\layout\wrapper.php(4): require_once('C:\\xampp1\\htdoc...')
#6 C:\xampp1\htdocs\ecommerce\system\View\View.php(210): include('C:\\xampp1\\htdoc...')
#7 C:\xampp1\htdocs\ecommerce\system\View\View.php(213): CodeIgniter\View\View->CodeIgniter\View\{closure}()
#8 C:\xampp1\htdocs\ecommerce\system\Common.php(1089): CodeIgniter\View\View->render('layout/wrapper', Array, true)
#9 C:\xampp1\htdocs\ecommerce\app\Controllers\Pelanggan.php(48): view('layout/wrapper', Array)
#10 C:\xampp1\htdocs\ecommerce\system\CodeIgniter.php(832): App\Controllers\Pelanggan->edit('dist', 'img', 'user1-128x128.j...')
#11 C:\xampp1\htdocs\ecommerce\system\CodeIgniter.php(419): CodeIgniter\CodeIgniter->runController(Object(App\Controllers\Pelanggan))
#12 C:\xampp1\htdocs\ecommerce\system\CodeIgniter.php(326): CodeIgniter\CodeIgniter->handleRequest(NULL, Object(Config\Cache), false)
#13 C:\xampp1\htdocs\ecommerce\index.php(37): CodeIgniter\CodeIgniter->run()
#14 {main}
CRITICAL - 2023-05-01 23:52:57 --> Trying to get property 'nama_pelanggan' of non-object
#0 C:\xampp1\htdocs\ecommerce\app\Views\pelanggan\edit_pelanggan.php(11): CodeIgniter\Debug\Exceptions->errorHandler(8, 'Trying to get p...', 'C:\\xampp1\\htdoc...', 11, Array)
#1 C:\xampp1\htdocs\ecommerce\system\View\View.php(210): include('C:\\xampp1\\htdoc...')
#2 C:\xampp1\htdocs\ecommerce\system\View\View.php(213): CodeIgniter\View\View->CodeIgniter\View\{closure}()
#3 C:\xampp1\htdocs\ecommerce\system\Common.php(1089): CodeIgniter\View\View->render('pelanggan/edit_...', Array, true)
#4 C:\xampp1\htdocs\ecommerce\app\Views\layout\konten.php(3): view('pelanggan/edit_...')
#5 C:\xampp1\htdocs\ecommerce\app\Views\layout\wrapper.php(4): require_once('C:\\xampp1\\htdoc...')
#6 C:\xampp1\htdocs\ecommerce\system\View\View.php(210): include('C:\\xampp1\\htdoc...')
#7 C:\xampp1\htdocs\ecommerce\system\View\View.php(213): CodeIgniter\View\View->CodeIgniter\View\{closure}()
#8 C:\xampp1\htdocs\ecommerce\system\Common.php(1089): CodeIgniter\View\View->render('layout/wrapper', Array, true)
#9 C:\xampp1\htdocs\ecommerce\app\Controllers\Pelanggan.php(48): view('layout/wrapper', Array)
#10 C:\xampp1\htdocs\ecommerce\system\CodeIgniter.php(832): App\Controllers\Pelanggan->edit('dist', 'img', 'user8-128x128.j...')
#11 C:\xampp1\htdocs\ecommerce\system\CodeIgniter.php(419): CodeIgniter\CodeIgniter->runController(Object(App\Controllers\Pelanggan))
#12 C:\xampp1\htdocs\ecommerce\system\CodeIgniter.php(326): CodeIgniter\CodeIgniter->handleRequest(NULL, Object(Config\Cache), false)
#13 C:\xampp1\htdocs\ecommerce\index.php(37): CodeIgniter\CodeIgniter->run()
#14 {main}
CRITICAL - 2023-05-01 23:52:57 --> Trying to get property 'nama_pelanggan' of non-object
#0 C:\xampp1\htdocs\ecommerce\app\Views\pelanggan\edit_pelanggan.php(11): CodeIgniter\Debug\Exceptions->errorHandler(8, 'Trying to get p...', 'C:\\xampp1\\htdoc...', 11, Array)
#1 C:\xampp1\htdocs\ecommerce\system\View\View.php(210): include('C:\\xampp1\\htdoc...')
#2 C:\xampp1\htdocs\ecommerce\system\View\View.php(213): CodeIgniter\View\View->CodeIgniter\View\{closure}()
#3 C:\xampp1\htdocs\ecommerce\system\Common.php(1089): CodeIgniter\View\View->render('pelanggan/edit_...', Array, true)
#4 C:\xampp1\htdocs\ecommerce\app\Views\layout\konten.php(3): view('pelanggan/edit_...')
#5 C:\xampp1\htdocs\ecommerce\app\Views\layout\wrapper.php(4): require_once('C:\\xampp1\\htdoc...')
#6 C:\xampp1\htdocs\ecommerce\system\View\View.php(210): include('C:\\xampp1\\htdoc...')
#7 C:\xampp1\htdocs\ecommerce\system\View\View.php(213): CodeIgniter\View\View->CodeIgniter\View\{closure}()
#8 C:\xampp1\htdocs\ecommerce\system\Common.php(1089): CodeIgniter\View\View->render('layout/wrapper', Array, true)
#9 C:\xampp1\htdocs\ecommerce\app\Controllers\Pelanggan.php(48): view('layout/wrapper', Array)
#10 C:\xampp1\htdocs\ecommerce\system\CodeIgniter.php(832): App\Controllers\Pelanggan->edit('dist', 'img', 'user3-128x128.j...')
#11 C:\xampp1\htdocs\ecommerce\system\CodeIgniter.php(419): CodeIgniter\CodeIgniter->runController(Object(App\Controllers\Pelanggan))
#12 C:\xampp1\htdocs\ecommerce\system\CodeIgniter.php(326): CodeIgniter\CodeIgniter->handleRequest(NULL, Object(Config\Cache), false)
#13 C:\xampp1\htdocs\ecommerce\index.php(37): CodeIgniter\CodeIgniter->run()
#14 {main}
CRITICAL - 2023-05-01 23:54:15 --> Trying to get property 'nama_pelanggan' of non-object
#0 C:\xampp1\htdocs\ecommerce\app\Views\pelanggan\edit_pelanggan.php(11): CodeIgniter\Debug\Exceptions->errorHandler(8, 'Trying to get p...', 'C:\\xampp1\\htdoc...', 11, Array)
#1 C:\xampp1\htdocs\ecommerce\system\View\View.php(210): include('C:\\xampp1\\htdoc...')
#2 C:\xampp1\htdocs\ecommerce\system\View\View.php(213): CodeIgniter\View\View->CodeIgniter\View\{closure}()
#3 C:\xampp1\htdocs\ecommerce\system\Common.php(1089): CodeIgniter\View\View->render('pelanggan/edit_...', Array, true)
#4 C:\xampp1\htdocs\ecommerce\app\Views\layout\konten.php(3): view('pelanggan/edit_...')
#5 C:\xampp1\htdocs\ecommerce\app\Views\layout\wrapper.php(4): require_once('C:\\xampp1\\htdoc...')
#6 C:\xampp1\htdocs\ecommerce\system\View\View.php(210): include('C:\\xampp1\\htdoc...')
#7 C:\xampp1\htdocs\ecommerce\system\View\View.php(213): CodeIgniter\View\View->CodeIgniter\View\{closure}()
#8 C:\xampp1\htdocs\ecommerce\system\Common.php(1089): CodeIgniter\View\View->render('layout/wrapper', Array, true)
#9 C:\xampp1\htdocs\ecommerce\app\Controllers\Pelanggan.php(48): view('layout/wrapper', Array)
#10 C:\xampp1\htdocs\ecommerce\system\CodeIgniter.php(832): App\Controllers\Pelanggan->edit('dist', 'img', 'user1-128x128.j...')
#11 C:\xampp1\htdocs\ecommerce\system\CodeIgniter.php(419): CodeIgniter\CodeIgniter->runController(Object(App\Controllers\Pelanggan))
#12 C:\xampp1\htdocs\ecommerce\system\CodeIgniter.php(326): CodeIgniter\CodeIgniter->handleRequest(NULL, Object(Config\Cache), false)
#13 C:\xampp1\htdocs\ecommerce\index.php(37): CodeIgniter\CodeIgniter->run()
#14 {main}
CRITICAL - 2023-05-01 23:54:15 --> Trying to get property 'nama_pelanggan' of non-object
#0 C:\xampp1\htdocs\ecommerce\app\Views\pelanggan\edit_pelanggan.php(11): CodeIgniter\Debug\Exceptions->errorHandler(8, 'Trying to get p...', 'C:\\xampp1\\htdoc...', 11, Array)
#1 C:\xampp1\htdocs\ecommerce\system\View\View.php(210): include('C:\\xampp1\\htdoc...')
#2 C:\xampp1\htdocs\ecommerce\system\View\View.php(213): CodeIgniter\View\View->CodeIgniter\View\{closure}()
#3 C:\xampp1\htdocs\ecommerce\system\Common.php(1089): CodeIgniter\View\View->render('pelanggan/edit_...', Array, true)
#4 C:\xampp1\htdocs\ecommerce\app\Views\layout\konten.php(3): view('pelanggan/edit_...')
#5 C:\xampp1\htdocs\ecommerce\app\Views\layout\wrapper.php(4): require_once('C:\\xampp1\\htdoc...')
#6 C:\xampp1\htdocs\ecommerce\system\View\View.php(210): include('C:\\xampp1\\htdoc...')
#7 C:\xampp1\htdocs\ecommerce\system\View\View.php(213): CodeIgniter\View\View->CodeIgniter\View\{closure}()
#8 C:\xampp1\htdocs\ecommerce\system\Common.php(1089): CodeIgniter\View\View->render('layout/wrapper', Array, true)
#9 C:\xampp1\htdocs\ecommerce\app\Controllers\Pelanggan.php(48): view('layout/wrapper', Array)
#10 C:\xampp1\htdocs\ecommerce\system\CodeIgniter.php(832): App\Controllers\Pelanggan->edit('dist', 'img', 'user8-128x128.j...')
#11 C:\xampp1\htdocs\ecommerce\system\CodeIgniter.php(419): CodeIgniter\CodeIgniter->runController(Object(App\Controllers\Pelanggan))
#12 C:\xampp1\htdocs\ecommerce\system\CodeIgniter.php(326): CodeIgniter\CodeIgniter->handleRequest(NULL, Object(Config\Cache), false)
#13 C:\xampp1\htdocs\ecommerce\index.php(37): CodeIgniter\CodeIgniter->run()
#14 {main}
CRITICAL - 2023-05-01 23:54:15 --> Trying to get property 'nama_pelanggan' of non-object
#0 C:\xampp1\htdocs\ecommerce\app\Views\pelanggan\edit_pelanggan.php(11): CodeIgniter\Debug\Exceptions->errorHandler(8, 'Trying to get p...', 'C:\\xampp1\\htdoc...', 11, Array)
#1 C:\xampp1\htdocs\ecommerce\system\View\View.php(210): include('C:\\xampp1\\htdoc...')
#2 C:\xampp1\htdocs\ecommerce\system\View\View.php(213): CodeIgniter\View\View->CodeIgniter\View\{closure}()
#3 C:\xampp1\htdocs\ecommerce\system\Common.php(1089): CodeIgniter\View\View->render('pelanggan/edit_...', Array, true)
#4 C:\xampp1\htdocs\ecommerce\app\Views\layout\konten.php(3): view('pelanggan/edit_...')
#5 C:\xampp1\htdocs\ecommerce\app\Views\layout\wrapper.php(4): require_once('C:\\xampp1\\htdoc...')
#6 C:\xampp1\htdocs\ecommerce\system\View\View.php(210): include('C:\\xampp1\\htdoc...')
#7 C:\xampp1\htdocs\ecommerce\system\View\View.php(213): CodeIgniter\View\View->CodeIgniter\View\{closure}()
#8 C:\xampp1\htdocs\ecommerce\system\Common.php(1089): CodeIgniter\View\View->render('layout/wrapper', Array, true)
#9 C:\xampp1\htdocs\ecommerce\app\Controllers\Pelanggan.php(48): view('layout/wrapper', Array)
#10 C:\xampp1\htdocs\ecommerce\system\CodeIgniter.php(832): App\Controllers\Pelanggan->edit('dist', 'img', 'user3-128x128.j...')
#11 C:\xampp1\htdocs\ecommerce\system\CodeIgniter.php(419): CodeIgniter\CodeIgniter->runController(Object(App\Controllers\Pelanggan))
#12 C:\xampp1\htdocs\ecommerce\system\CodeIgniter.php(326): CodeIgniter\CodeIgniter->handleRequest(NULL, Object(Config\Cache), false)
#13 C:\xampp1\htdocs\ecommerce\index.php(37): CodeIgniter\CodeIgniter->run()
#14 {main}
CRITICAL - 2023-05-01 23:55:53 --> Trying to get property 'nama_pelanggan' of non-object
#0 C:\xampp1\htdocs\ecommerce\app\Views\pelanggan\edit_pelanggan.php(11): CodeIgniter\Debug\Exceptions->errorHandler(8, 'Trying to get p...', 'C:\\xampp1\\htdoc...', 11, Array)
#1 C:\xampp1\htdocs\ecommerce\system\View\View.php(210): include('C:\\xampp1\\htdoc...')
#2 C:\xampp1\htdocs\ecommerce\system\View\View.php(213): CodeIgniter\View\View->CodeIgniter\View\{closure}()
#3 C:\xampp1\htdocs\ecommerce\system\Common.php(1089): CodeIgniter\View\View->render('pelanggan/edit_...', Array, true)
#4 C:\xampp1\htdocs\ecommerce\app\Views\layout\konten.php(3): view('pelanggan/edit_...')
#5 C:\xampp1\htdocs\ecommerce\app\Views\layout\wrapper.php(4): require_once('C:\\xampp1\\htdoc...')
#6 C:\xampp1\htdocs\ecommerce\system\View\View.php(210): include('C:\\xampp1\\htdoc...')
#7 C:\xampp1\htdocs\ecommerce\system\View\View.php(213): CodeIgniter\View\View->CodeIgniter\View\{closure}()
#8 C:\xampp1\htdocs\ecommerce\system\Common.php(1089): CodeIgniter\View\View->render('layout/wrapper', Array, true)
#9 C:\xampp1\htdocs\ecommerce\app\Controllers\Pelanggan.php(48): view('layout/wrapper', Array)
#10 C:\xampp1\htdocs\ecommerce\system\CodeIgniter.php(832): App\Controllers\Pelanggan->edit('dist', 'img', 'user1-128x128.j...')
#11 C:\xampp1\htdocs\ecommerce\system\CodeIgniter.php(419): CodeIgniter\CodeIgniter->runController(Object(App\Controllers\Pelanggan))
#12 C:\xampp1\htdocs\ecommerce\system\CodeIgniter.php(326): CodeIgniter\CodeIgniter->handleRequest(NULL, Object(Config\Cache), false)
#13 C:\xampp1\htdocs\ecommerce\index.php(37): CodeIgniter\CodeIgniter->run()
#14 {main}
CRITICAL - 2023-05-01 23:55:53 --> Trying to get property 'nama_pelanggan' of non-object
#0 C:\xampp1\htdocs\ecommerce\app\Views\pelanggan\edit_pelanggan.php(11): CodeIgniter\Debug\Exceptions->errorHandler(8, 'Trying to get p...', 'C:\\xampp1\\htdoc...', 11, Array)
#1 C:\xampp1\htdocs\ecommerce\system\View\View.php(210): include('C:\\xampp1\\htdoc...')
#2 C:\xampp1\htdocs\ecommerce\system\View\View.php(213): CodeIgniter\View\View->CodeIgniter\View\{closure}()
#3 C:\xampp1\htdocs\ecommerce\system\Common.php(1089): CodeIgniter\View\View->render('pelanggan/edit_...', Array, true)
#4 C:\xampp1\htdocs\ecommerce\app\Views\layout\konten.php(3): view('pelanggan/edit_...')
#5 C:\xampp1\htdocs\ecommerce\app\Views\layout\wrapper.php(4): require_once('C:\\xampp1\\htdoc...')
#6 C:\xampp1\htdocs\ecommerce\system\View\View.php(210): include('C:\\xampp1\\htdoc...')
#7 C:\xampp1\htdocs\ecommerce\system\View\View.php(213): CodeIgniter\View\View->CodeIgniter\View\{closure}()
#8 C:\xampp1\htdocs\ecommerce\system\Common.php(1089): CodeIgniter\View\View->render('layout/wrapper', Array, true)
#9 C:\xampp1\htdocs\ecommerce\app\Controllers\Pelanggan.php(48): view('layout/wrapper', Array)
#10 C:\xampp1\htdocs\ecommerce\system\CodeIgniter.php(832): App\Controllers\Pelanggan->edit('dist', 'img', 'user8-128x128.j...')
#11 C:\xampp1\htdocs\ecommerce\system\CodeIgniter.php(419): CodeIgniter\CodeIgniter->runController(Object(App\Controllers\Pelanggan))
#12 C:\xampp1\htdocs\ecommerce\system\CodeIgniter.php(326): CodeIgniter\CodeIgniter->handleRequest(NULL, Object(Config\Cache), false)
#13 C:\xampp1\htdocs\ecommerce\index.php(37): CodeIgniter\CodeIgniter->run()
#14 {main}
CRITICAL - 2023-05-01 23:55:53 --> Trying to get property 'nama_pelanggan' of non-object
#0 C:\xampp1\htdocs\ecommerce\app\Views\pelanggan\edit_pelanggan.php(11): CodeIgniter\Debug\Exceptions->errorHandler(8, 'Trying to get p...', 'C:\\xampp1\\htdoc...', 11, Array)
#1 C:\xampp1\htdocs\ecommerce\system\View\View.php(210): include('C:\\xampp1\\htdoc...')
#2 C:\xampp1\htdocs\ecommerce\system\View\View.php(213): CodeIgniter\View\View->CodeIgniter\View\{closure}()
#3 C:\xampp1\htdocs\ecommerce\system\Common.php(1089): CodeIgniter\View\View->render('pelanggan/edit_...', Array, true)
#4 C:\xampp1\htdocs\ecommerce\app\Views\layout\konten.php(3): view('pelanggan/edit_...')
#5 C:\xampp1\htdocs\ecommerce\app\Views\layout\wrapper.php(4): require_once('C:\\xampp1\\htdoc...')
#6 C:\xampp1\htdocs\ecommerce\system\View\View.php(210): include('C:\\xampp1\\htdoc...')
#7 C:\xampp1\htdocs\ecommerce\system\View\View.php(213): CodeIgniter\View\View->CodeIgniter\View\{closure}()
#8 C:\xampp1\htdocs\ecommerce\system\Common.php(1089): CodeIgniter\View\View->render('layout/wrapper', Array, true)
#9 C:\xampp1\htdocs\ecommerce\app\Controllers\Pelanggan.php(48): view('layout/wrapper', Array)
#10 C:\xampp1\htdocs\ecommerce\system\CodeIgniter.php(832): App\Controllers\Pelanggan->edit('dist', 'img', 'user3-128x128.j...')
#11 C:\xampp1\htdocs\ecommerce\system\CodeIgniter.php(419): CodeIgniter\CodeIgniter->runController(Object(App\Controllers\Pelanggan))
#12 C:\xampp1\htdocs\ecommerce\system\CodeIgniter.php(326): CodeIgniter\CodeIgniter->handleRequest(NULL, Object(Config\Cache), false)
#13 C:\xampp1\htdocs\ecommerce\index.php(37): CodeIgniter\CodeIgniter->run()
#14 {main}
