CRITICAL - 2023-05-09 05:47:36 --> The framework needs the following extension(s) installed and loaded: intl.
#0 C:\xampp\htdocs\ecommerce\system\CodeIgniter.php(219): CodeIgniter\Exceptions\FrameworkException::forMissingExtension('intl')
#1 C:\xampp\htdocs\ecommerce\system\CodeIgniter.php(177): CodeIgniter\CodeIgniter->resolvePlatformExtensions()
#2 C:\xampp\htdocs\ecommerce\system\bootstrap.php(146): CodeIgniter\CodeIgniter->initialize()
#3 C:\xampp\htdocs\ecommerce\index.php(28): require('C:\\xampp\\htdocs...')
#4 {main}
CRITICAL - 2023-05-09 00:03:25 --> Invalid file: barang/edit_barang.php
#0 C:\xampp\htdocs\ecommerce\system\View\View.php(198): CodeIgniter\Exceptions\FrameworkException::forInvalidFile('barang/edit_bar...')
#1 C:\xampp\htdocs\ecommerce\system\Common.php(1089): CodeIgniter\View\View->render('barang/edit_bar...', Array, true)
#2 C:\xampp\htdocs\ecommerce\app\Views\layout\konten.php(3): view('barang/edit_bar...')
#3 C:\xampp\htdocs\ecommerce\app\Views\layout\wrapper.php(4): require_once('C:\\xampp\\htdocs...')
#4 C:\xampp\htdocs\ecommerce\system\View\View.php(210): include('C:\\xampp\\htdocs...')
#5 C:\xampp\htdocs\ecommerce\system\View\View.php(213): CodeIgniter\View\View->CodeIgniter\View\{closure}()
#6 C:\xampp\htdocs\ecommerce\system\Common.php(1089): CodeIgniter\View\View->render('layout/wrapper', Array, true)
#7 C:\xampp\htdocs\ecommerce\app\Controllers\Barang.php(49): view('layout/wrapper', Array)
#8 C:\xampp\htdocs\ecommerce\system\CodeIgniter.php(832): App\Controllers\Barang->edit('B0001')
#9 C:\xampp\htdocs\ecommerce\system\CodeIgniter.php(419): CodeIgniter\CodeIgniter->runController(Object(App\Controllers\Barang))
#10 C:\xampp\htdocs\ecommerce\system\CodeIgniter.php(326): CodeIgniter\CodeIgniter->handleRequest(NULL, Object(Config\Cache), false)
#11 C:\xampp\htdocs\ecommerce\index.php(37): CodeIgniter\CodeIgniter->run()
#12 {main}
