CRITICAL - 2022-11-07 02:21:19 --> Undefined variable $id
#0 D:\Xampp\htdocs\ecommerce\app\Models\Login_model.php(8): CodeIgniter\Debug\Exceptions->errorHandler(2, 'Undefined varia...', 'D:\\Xampp\\htdocs...', 8)
#1 D:\Xampp\htdocs\ecommerce\app\Controllers\Login.php(18): App\Models\Login_model->authentication('laurentinus', '1234')
#2 D:\Xampp\htdocs\ecommerce\system\CodeIgniter.php(832): App\Controllers\Login->index()
#3 D:\Xampp\htdocs\ecommerce\system\CodeIgniter.php(419): CodeIgniter\CodeIgniter->runController(Object(App\Controllers\Login))
#4 D:\Xampp\htdocs\ecommerce\system\CodeIgniter.php(326): CodeIgniter\CodeIgniter->handleRequest(NULL, Object(Config\Cache), false)
#5 D:\Xampp\htdocs\ecommerce\index.php(37): CodeIgniter\CodeIgniter->run()
#6 {main}
CRITICAL - 2022-11-07 02:21:35 --> Call to undefined method CodeIgniter\Session\Session::set_userdata()
#0 D:\Xampp\htdocs\ecommerce\system\CodeIgniter.php(832): App\Controllers\Login->index()
#1 D:\Xampp\htdocs\ecommerce\system\CodeIgniter.php(419): CodeIgniter\CodeIgniter->runController(Object(App\Controllers\Login))
#2 D:\Xampp\htdocs\ecommerce\system\CodeIgniter.php(326): CodeIgniter\CodeIgniter->handleRequest(NULL, Object(Config\Cache), false)
#3 D:\Xampp\htdocs\ecommerce\index.php(37): CodeIgniter\CodeIgniter->run()
#4 {main}
CRITICAL - 2022-11-07 02:43:40 --> Undefined variable $kd_pelanggan
#0 D:\Xampp\htdocs\ecommerce\app\Controllers\Login.php(35): CodeIgniter\Debug\Exceptions->errorHandler(2, 'Undefined varia...', 'D:\\Xampp\\htdocs...', 35)
#1 D:\Xampp\htdocs\ecommerce\system\CodeIgniter.php(832): App\Controllers\Login->Logout()
#2 D:\Xampp\htdocs\ecommerce\system\CodeIgniter.php(419): CodeIgniter\CodeIgniter->runController(Object(App\Controllers\Login))
#3 D:\Xampp\htdocs\ecommerce\system\CodeIgniter.php(326): CodeIgniter\CodeIgniter->handleRequest(NULL, Object(Config\Cache), false)
#4 D:\Xampp\htdocs\ecommerce\index.php(37): CodeIgniter\CodeIgniter->run()
#5 {main}
CRITICAL - 2022-11-07 02:43:53 --> Call to undefined method CodeIgniter\Session\Session::un_set()
#0 D:\Xampp\htdocs\ecommerce\system\CodeIgniter.php(832): App\Controllers\Login->Logout()
#1 D:\Xampp\htdocs\ecommerce\system\CodeIgniter.php(419): CodeIgniter\CodeIgniter->runController(Object(App\Controllers\Login))
#2 D:\Xampp\htdocs\ecommerce\system\CodeIgniter.php(326): CodeIgniter\CodeIgniter->handleRequest(NULL, Object(Config\Cache), false)
#3 D:\Xampp\htdocs\ecommerce\index.php(37): CodeIgniter\CodeIgniter->run()
#4 {main}
CRITICAL - 2022-11-07 02:48:13 --> syntax error, unexpected token "=>", expecting ")"
#0 D:\Xampp\htdocs\ecommerce\system\Autoloader\Autoloader.php(241): CodeIgniter\Autoloader\Autoloader->includeFile('D:\\Xampp\\htdocs...')
#1 D:\Xampp\htdocs\ecommerce\system\Autoloader\Autoloader.php(219): CodeIgniter\Autoloader\Autoloader->loadInNamespace('App\\Models\\Logi...')
#2 D:\Xampp\htdocs\ecommerce\app\Controllers\Login.php(15): CodeIgniter\Autoloader\Autoloader->loadClass('App\\Models\\Logi...')
#3 D:\Xampp\htdocs\ecommerce\system\CodeIgniter.php(832): App\Controllers\Login->index()
#4 D:\Xampp\htdocs\ecommerce\system\CodeIgniter.php(419): CodeIgniter\CodeIgniter->runController(Object(App\Controllers\Login))
#5 D:\Xampp\htdocs\ecommerce\system\CodeIgniter.php(326): CodeIgniter\CodeIgniter->handleRequest(NULL, Object(Config\Cache), false)
#6 D:\Xampp\htdocs\ecommerce\index.php(37): CodeIgniter\CodeIgniter->run()
#7 {main}
CRITICAL - 2022-11-07 02:48:46 --> syntax error, unexpected token "=>", expecting ")"
#0 D:\Xampp\htdocs\ecommerce\system\Autoloader\Autoloader.php(241): CodeIgniter\Autoloader\Autoloader->includeFile('D:\\Xampp\\htdocs...')
#1 D:\Xampp\htdocs\ecommerce\system\Autoloader\Autoloader.php(219): CodeIgniter\Autoloader\Autoloader->loadInNamespace('App\\Models\\Logi...')
#2 D:\Xampp\htdocs\ecommerce\app\Controllers\Login.php(15): CodeIgniter\Autoloader\Autoloader->loadClass('App\\Models\\Logi...')
#3 D:\Xampp\htdocs\ecommerce\system\CodeIgniter.php(832): App\Controllers\Login->index()
#4 D:\Xampp\htdocs\ecommerce\system\CodeIgniter.php(419): CodeIgniter\CodeIgniter->runController(Object(App\Controllers\Login))
#5 D:\Xampp\htdocs\ecommerce\system\CodeIgniter.php(326): CodeIgniter\CodeIgniter->handleRequest(NULL, Object(Config\Cache), false)
#6 D:\Xampp\htdocs\ecommerce\index.php(37): CodeIgniter\CodeIgniter->run()
#7 {main}
CRITICAL - 2022-11-07 02:49:03 --> syntax error, unexpected token "=>", expecting ")"
#0 D:\Xampp\htdocs\ecommerce\system\Autoloader\Autoloader.php(241): CodeIgniter\Autoloader\Autoloader->includeFile('D:\\Xampp\\htdocs...')
#1 D:\Xampp\htdocs\ecommerce\system\Autoloader\Autoloader.php(219): CodeIgniter\Autoloader\Autoloader->loadInNamespace('App\\Models\\Logi...')
#2 D:\Xampp\htdocs\ecommerce\app\Controllers\Login.php(15): CodeIgniter\Autoloader\Autoloader->loadClass('App\\Models\\Logi...')
#3 D:\Xampp\htdocs\ecommerce\system\CodeIgniter.php(832): App\Controllers\Login->index()
#4 D:\Xampp\htdocs\ecommerce\system\CodeIgniter.php(419): CodeIgniter\CodeIgniter->runController(Object(App\Controllers\Login))
#5 D:\Xampp\htdocs\ecommerce\system\CodeIgniter.php(326): CodeIgniter\CodeIgniter->handleRequest(NULL, Object(Config\Cache), false)
#6 D:\Xampp\htdocs\ecommerce\index.php(37): CodeIgniter\CodeIgniter->run()
#7 {main}
CRITICAL - 2022-11-07 02:58:45 --> Undefined variable $data
#0 D:\Xampp\htdocs\ecommerce\app\Models\Login_model.php(11): CodeIgniter\Debug\Exceptions->errorHandler(2, 'Undefined varia...', 'D:\\Xampp\\htdocs...', 11)
#1 D:\Xampp\htdocs\ecommerce\app\Controllers\Login.php(18): App\Models\Login_model->authentication('laurentinus', '21222')
#2 D:\Xampp\htdocs\ecommerce\system\CodeIgniter.php(832): App\Controllers\Login->index()
#3 D:\Xampp\htdocs\ecommerce\system\CodeIgniter.php(419): CodeIgniter\CodeIgniter->runController(Object(App\Controllers\Login))
#4 D:\Xampp\htdocs\ecommerce\system\CodeIgniter.php(326): CodeIgniter\CodeIgniter->handleRequest(NULL, Object(Config\Cache), false)
#5 D:\Xampp\htdocs\ecommerce\index.php(37): CodeIgniter\CodeIgniter->run()
#6 {main}
CRITICAL - 2022-11-07 02:59:02 --> Call to undefined method CodeIgniter\Database\MySQLi\Builder::find_all()
#0 D:\Xampp\htdocs\ecommerce\app\Controllers\Login.php(18): App\Models\Login_model->authentication('laurentinus', '21222')
#1 D:\Xampp\htdocs\ecommerce\system\CodeIgniter.php(832): App\Controllers\Login->index()
#2 D:\Xampp\htdocs\ecommerce\system\CodeIgniter.php(419): CodeIgniter\CodeIgniter->runController(Object(App\Controllers\Login))
#3 D:\Xampp\htdocs\ecommerce\system\CodeIgniter.php(326): CodeIgniter\CodeIgniter->handleRequest(NULL, Object(Config\Cache), false)
#4 D:\Xampp\htdocs\ecommerce\index.php(37): CodeIgniter\CodeIgniter->run()
#5 {main}
CRITICAL - 2022-11-07 02:59:42 --> CodeIgniter\Database\BaseBuilder::getWhere(): Argument #2 ($limit) must be of type ?int, array given, called in D:\Xampp\htdocs\ecommerce\system\Model.php on line 728
#0 D:\Xampp\htdocs\ecommerce\system\Model.php(728): CodeIgniter\Database\BaseBuilder->getWhere(Array, Array)
#1 D:\Xampp\htdocs\ecommerce\app\Models\Login_model.php(8): CodeIgniter\Model->__call('getWhere', Array)
#2 D:\Xampp\htdocs\ecommerce\app\Controllers\Login.php(18): App\Models\Login_model->authentication('laurentinus', '21222')
#3 D:\Xampp\htdocs\ecommerce\system\CodeIgniter.php(832): App\Controllers\Login->index()
#4 D:\Xampp\htdocs\ecommerce\system\CodeIgniter.php(419): CodeIgniter\CodeIgniter->runController(Object(App\Controllers\Login))
#5 D:\Xampp\htdocs\ecommerce\system\CodeIgniter.php(326): CodeIgniter\CodeIgniter->handleRequest(NULL, Object(Config\Cache), false)
#6 D:\Xampp\htdocs\ecommerce\index.php(37): CodeIgniter\CodeIgniter->run()
#7 {main}
CRITICAL - 2022-11-07 03:01:18 --> syntax error, unexpected token ";", expecting "]"
#0 D:\Xampp\htdocs\ecommerce\system\Autoloader\Autoloader.php(241): CodeIgniter\Autoloader\Autoloader->includeFile('D:\\Xampp\\htdocs...')
#1 D:\Xampp\htdocs\ecommerce\system\Autoloader\Autoloader.php(219): CodeIgniter\Autoloader\Autoloader->loadInNamespace('App\\Models\\Logi...')
#2 D:\Xampp\htdocs\ecommerce\app\Controllers\Login.php(15): CodeIgniter\Autoloader\Autoloader->loadClass('App\\Models\\Logi...')
#3 D:\Xampp\htdocs\ecommerce\system\CodeIgniter.php(832): App\Controllers\Login->index()
#4 D:\Xampp\htdocs\ecommerce\system\CodeIgniter.php(419): CodeIgniter\CodeIgniter->runController(Object(App\Controllers\Login))
#5 D:\Xampp\htdocs\ecommerce\system\CodeIgniter.php(326): CodeIgniter\CodeIgniter->handleRequest(NULL, Object(Config\Cache), false)
#6 D:\Xampp\htdocs\ecommerce\index.php(37): CodeIgniter\CodeIgniter->run()
#7 {main}
CRITICAL - 2022-11-07 03:03:14 --> Call to undefined method CodeIgniter\Database\MySQLi\Result::num_rows()
#0 D:\Xampp\htdocs\ecommerce\system\CodeIgniter.php(832): App\Controllers\Login->index()
#1 D:\Xampp\htdocs\ecommerce\system\CodeIgniter.php(419): CodeIgniter\CodeIgniter->runController(Object(App\Controllers\Login))
#2 D:\Xampp\htdocs\ecommerce\system\CodeIgniter.php(326): CodeIgniter\CodeIgniter->handleRequest(NULL, Object(Config\Cache), false)
#3 D:\Xampp\htdocs\ecommerce\index.php(37): CodeIgniter\CodeIgniter->run()
#4 {main}
CRITICAL - 2022-11-07 03:04:22 --> Object of class stdClass could not be converted to string
#0 D:\Xampp\htdocs\ecommerce\system\CodeIgniter.php(832): App\Controllers\Login->index()
#1 D:\Xampp\htdocs\ecommerce\system\CodeIgniter.php(419): CodeIgniter\CodeIgniter->runController(Object(App\Controllers\Login))
#2 D:\Xampp\htdocs\ecommerce\system\CodeIgniter.php(326): CodeIgniter\CodeIgniter->handleRequest(NULL, Object(Config\Cache), false)
#3 D:\Xampp\htdocs\ecommerce\index.php(37): CodeIgniter\CodeIgniter->run()
#4 {main}
CRITICAL - 2022-11-07 03:28:48 --> Class "App\Controllers\General_model" not found
#0 D:\Xampp\htdocs\ecommerce\system\CodeIgniter.php(832): App\Controllers\Login->registrasi()
#1 D:\Xampp\htdocs\ecommerce\system\CodeIgniter.php(419): CodeIgniter\CodeIgniter->runController(Object(App\Controllers\Login))
#2 D:\Xampp\htdocs\ecommerce\system\CodeIgniter.php(326): CodeIgniter\CodeIgniter->handleRequest(NULL, Object(Config\Cache), false)
#3 D:\Xampp\htdocs\ecommerce\index.php(37): CodeIgniter\CodeIgniter->run()
#4 {main}
